<?xml version="1.0" encoding="UTF-8"?>
<Site BuildName="(empty)"
	BuildStamp="20240417-1017-Experimental"
	Name="darren2004-XPS-9315"
	Generator="ctest-3.16.3"
	CompilerName="/usr/bin/c++"
	CompilerVersion="9.4.0"
	OSName="Linux"
	Hostname="darren2004-XPS-9315"
	OSRelease="5.15.0-102-generic"
	OSVersion="#112~20.04.1-Ubuntu SMP Thu Mar 14 14:28:24 UTC 2024"
	OSPlatform="x86_64"
	Is64Bits="1"
	VendorString="GenuineIntel"
	VendorID="Intel Corporation"
	FamilyID="6"
	ModelID="154"
	ProcessorCacheSize="12288"
	NumberOfLogicalCPU="12"
	NumberOfPhysicalCPU="10"
	TotalVirtualMemory="7628"
	TotalPhysicalMemory="15612"
	LogicalProcessorsPerPhysical="1"
	ProcessorClockFrequency="3525.37"
	>
	<Testing>
		<StartDateTime>Apr 17 21:35 AEST</StartDateTime>
		<StartTestTime>1713353707</StartTestTime>
		<TestList/>
		<EndDateTime>Apr 17 21:35 AEST</EndDateTime>
		<EndTestTime>1713353707</EndTestTime>
		<ElapsedMinutes>0</ElapsedMinutes>
	</Testing>
</Site>
